[2016-10-31 00:53:55] WARNING [py.warnings.<module>:8] C:\Users\fndui\AppData\Local\Programs\Python\Python35-32\lib\site-packages\south\db\generic.py:9: RemovedInDjango19Warning: The django.db.backends.util module has been renamed. Use django.db.backends.utils instead.
  from django.db.backends.util import truncate_name

[2016-10-31 00:55:46] WARNING [py.warnings.<module>:8] C:\Users\fndui\AppData\Local\Programs\Python\Python35-32\lib\site-packages\south\db\generic.py:9: RemovedInDjango19Warning: The django.db.backends.util module has been renamed. Use django.db.backends.utils instead.
  from django.db.backends.util import truncate_name

[2016-10-31 01:13:07] WARNING [py.warnings.<module>:9] C:\Program Files (x86)\JetBrains\PyCharm 2016.2.3\helpers\pydev\_pydev_bundle\pydev_import_hook.py:21: RemovedInDjango19Warning: The utilities in django.db.models.loading are deprecated in favor of the new application loading system.
  module = self._system_import(name, *args, **kwargs)

[2016-10-31 01:13:52] WARNING [py.warnings.<module>:9] C:\Program Files (x86)\JetBrains\PyCharm 2016.2.3\helpers\pydev\_pydev_bundle\pydev_import_hook.py:21: RemovedInDjango19Warning: The utilities in django.db.models.loading are deprecated in favor of the new application loading system.
  module = self._system_import(name, *args, **kwargs)

[2016-10-31 01:16:56] WARNING [py.warnings.<module>:9] C:\Program Files (x86)\JetBrains\PyCharm 2016.2.3\helpers\pydev\_pydev_bundle\pydev_import_hook.py:21: RemovedInDjango19Warning: The utilities in django.db.models.loading are deprecated in favor of the new application loading system.
  module = self._system_import(name, *args, **kwargs)

[2016-10-31 01:27:53] WARNING [django.request.get_response:170] Not Found: /
[2016-10-31 01:44:13] ERROR [django.request.handle_uncaught_exception:256] Internal Server Error: /
Traceback (most recent call last):
  File "C:\Users\fndui\AppData\Local\Programs\Python\Python35-32\lib\site-packages\django\core\urlresolvers.py", line 393, in urlconf_module
    return self._urlconf_module
AttributeError: 'RegexURLResolver' object has no attribute '_urlconf_module'

During handling of the above exception, another exception occurred:

Traceback (most recent call last):
  File "C:\Users\fndui\AppData\Local\Programs\Python\Python35-32\lib\site-packages\django\core\handlers\base.py", line 119, in get_response
    resolver_match = resolver.resolve(request.path_info)
  File "C:\Users\fndui\AppData\Local\Programs\Python\Python35-32\lib\site-packages\django\core\urlresolvers.py", line 365, in resolve
    for pattern in self.url_patterns:
  File "C:\Users\fndui\AppData\Local\Programs\Python\Python35-32\lib\site-packages\django\core\urlresolvers.py", line 401, in url_patterns
    patterns = getattr(self.urlconf_module, "urlpatterns", self.urlconf_module)
  File "C:\Users\fndui\AppData\Local\Programs\Python\Python35-32\lib\site-packages\django\core\urlresolvers.py", line 395, in urlconf_module
    self._urlconf_module = import_module(self.urlconf_name)
  File "C:\Users\fndui\AppData\Local\Programs\Python\Python35-32\lib\importlib\__init__.py", line 126, in import_module
    return _bootstrap._gcd_import(name[level:], package, level)
  File "<frozen importlib._bootstrap>", line 986, in _gcd_import
  File "<frozen importlib._bootstrap>", line 969, in _find_and_load
  File "<frozen importlib._bootstrap>", line 958, in _find_and_load_unlocked
  File "<frozen importlib._bootstrap>", line 673, in _load_unlocked
  File "<frozen importlib._bootstrap_external>", line 662, in exec_module
  File "<frozen importlib._bootstrap>", line 222, in _call_with_frames_removed
  File "C:\Users\fndui\PycharmProjects\skeleton\skeleton\urls.py", line 20, in <module>
    url(r'^', include('apps.myapp.urls'))
  File "C:\Users\fndui\AppData\Local\Programs\Python\Python35-32\lib\site-packages\django\conf\urls\__init__.py", line 33, in include
    urlconf_module = import_module(urlconf_module)
  File "C:\Users\fndui\AppData\Local\Programs\Python\Python35-32\lib\importlib\__init__.py", line 126, in import_module
    return _bootstrap._gcd_import(name[level:], package, level)
  File "<frozen importlib._bootstrap>", line 986, in _gcd_import
  File "<frozen importlib._bootstrap>", line 969, in _find_and_load
  File "<frozen importlib._bootstrap>", line 958, in _find_and_load_unlocked
  File "<frozen importlib._bootstrap>", line 673, in _load_unlocked
  File "<frozen importlib._bootstrap_external>", line 662, in exec_module
  File "<frozen importlib._bootstrap>", line 222, in _call_with_frames_removed
  File "C:\Users\fndui\PycharmProjects\skeleton\apps\myapp\urls.py", line 5, in <module>
    url(r'/', views.indexView, name='index')
AttributeError: module 'apps.myapp.views' has no attribute 'indexView'
[2016-10-31 01:44:26] WARNING [django.request.get_response:170] Not Found: /
[2016-10-31 01:45:27] ERROR [django.request.handle_uncaught_exception:256] Internal Server Error: /index
Traceback (most recent call last):
  File "C:\Users\fndui\AppData\Local\Programs\Python\Python35-32\lib\site-packages\django\core\handlers\base.py", line 151, in get_response
    % (callback.__module__, view_name))
ValueError: The view apps.myapp.views.index didn't return an HttpResponse object. It returned None instead.
[2016-10-31 01:57:07] WARNING [py.warnings.__init__:260] C:\Users\fndui\AppData\Local\Programs\Python\Python35-32\lib\site-packages\django\core\management\base.py:260: RemovedInDjango19Warning: "requires_model_validation" is deprecated in favor of "requires_system_checks".
  RemovedInDjango19Warning)

[2016-11-01 16:00:41] WARNING [py.warnings.<module>:9] C:\Program Files (x86)\JetBrains\PyCharm 2016.2.3\helpers\pydev\_pydev_bundle\pydev_import_hook.py:21: RemovedInDjango19Warning: The utilities in django.db.models.loading are deprecated in favor of the new application loading system.
  module = self._system_import(name, *args, **kwargs)

[2016-11-01 17:17:30] WARNING [py.warnings.__init__:260] C:\Users\fndui\AppData\Local\Programs\Python\Python35-32\lib\site-packages\django\core\management\base.py:260: RemovedInDjango19Warning: "requires_model_validation" is deprecated in favor of "requires_system_checks".
  RemovedInDjango19Warning)

[2016-11-01 17:17:50] ERROR [django.request.handle_uncaught_exception:256] Internal Server Error: /
Traceback (most recent call last):
  File "C:\Users\fndui\AppData\Local\Programs\Python\Python35-32\lib\site-packages\django\template\base.py", line 338, in parse
    compile_func = self.tags[command]
KeyError: 'render_bundle'

During handling of the above exception, another exception occurred:

Traceback (most recent call last):
  File "C:\Users\fndui\AppData\Local\Programs\Python\Python35-32\lib\site-packages\django\core\handlers\base.py", line 132, in get_response
    response = wrapped_callback(request, *callback_args, **callback_kwargs)
  File "C:\Users\fndui\PycharmProjects\skeleton\apps\myapp\views.py", line 7, in index
    return render(request, 'myapp/home.html')
  File "C:\Users\fndui\AppData\Local\Programs\Python\Python35-32\lib\site-packages\django\shortcuts.py", line 67, in render
    template_name, context, request=request, using=using)
  File "C:\Users\fndui\AppData\Local\Programs\Python\Python35-32\lib\site-packages\django\template\loader.py", line 98, in render_to_string
    template = get_template(template_name, using=using)
  File "C:\Users\fndui\AppData\Local\Programs\Python\Python35-32\lib\site-packages\django\template\loader.py", line 35, in get_template
    return engine.get_template(template_name, dirs)
  File "C:\Users\fndui\AppData\Local\Programs\Python\Python35-32\lib\site-packages\django\template\backends\django.py", line 30, in get_template
    return Template(self.engine.get_template(template_name, dirs))
  File "C:\Users\fndui\AppData\Local\Programs\Python\Python35-32\lib\site-packages\django\template\engine.py", line 167, in get_template
    template, origin = self.find_template(template_name, dirs)
  File "C:\Users\fndui\AppData\Local\Programs\Python\Python35-32\lib\site-packages\django\template\engine.py", line 141, in find_template
    source, display_name = loader(name, dirs)
  File "C:\Users\fndui\AppData\Local\Programs\Python\Python35-32\lib\site-packages\django\template\loaders\base.py", line 13, in __call__
    return self.load_template(template_name, template_dirs)
  File "C:\Users\fndui\AppData\Local\Programs\Python\Python35-32\lib\site-packages\django\template\loaders\base.py", line 23, in load_template
    template = Template(source, origin, template_name, self.engine)
  File "C:\Users\fndui\AppData\Local\Programs\Python\Python35-32\lib\site-packages\django\template\base.py", line 191, in __init__
    self.nodelist = engine.compile_string(template_string, origin)
  File "C:\Users\fndui\AppData\Local\Programs\Python\Python35-32\lib\site-packages\django\template\engine.py", line 261, in compile_string
    return parser.parse()
  File "C:\Users\fndui\AppData\Local\Programs\Python\Python35-32\lib\site-packages\django\template\base.py", line 342, in parse
    compiled_result = compile_func(self, token)
  File "C:\Users\fndui\AppData\Local\Programs\Python\Python35-32\lib\site-packages\django\template\loader_tags.py", line 210, in do_extends
    nodelist = parser.parse()
  File "C:\Users\fndui\AppData\Local\Programs\Python\Python35-32\lib\site-packages\django\template\base.py", line 342, in parse
    compiled_result = compile_func(self, token)
  File "C:\Users\fndui\AppData\Local\Programs\Python\Python35-32\lib\site-packages\django\template\loader_tags.py", line 184, in do_block
    nodelist = parser.parse(('endblock',))
  File "C:\Users\fndui\AppData\Local\Programs\Python\Python35-32\lib\site-packages\django\template\base.py", line 340, in parse
    self.invalid_block_tag(token, command, parse_until)
  File "C:\Users\fndui\AppData\Local\Programs\Python\Python35-32\lib\site-packages\django\template\base.py", line 395, in invalid_block_tag
    (command, get_text_list(["'%s'" % p for p in parse_until])))
django.template.base.TemplateSyntaxError: Invalid block tag: 'render_bundle', expected 'endblock'
[2016-11-01 17:17:51] ERROR [django.request.handle_uncaught_exception:256] Internal Server Error: /favicon.ico
Traceback (most recent call last):
  File "C:\Users\fndui\AppData\Local\Programs\Python\Python35-32\lib\site-packages\django\template\base.py", line 338, in parse
    compile_func = self.tags[command]
KeyError: 'render_bundle'

During handling of the above exception, another exception occurred:

Traceback (most recent call last):
  File "C:\Users\fndui\AppData\Local\Programs\Python\Python35-32\lib\site-packages\django\core\handlers\base.py", line 132, in get_response
    response = wrapped_callback(request, *callback_args, **callback_kwargs)
  File "C:\Users\fndui\PycharmProjects\skeleton\apps\myapp\views.py", line 7, in index
    return render(request, 'myapp/home.html')
  File "C:\Users\fndui\AppData\Local\Programs\Python\Python35-32\lib\site-packages\django\shortcuts.py", line 67, in render
    template_name, context, request=request, using=using)
  File "C:\Users\fndui\AppData\Local\Programs\Python\Python35-32\lib\site-packages\django\template\loader.py", line 98, in render_to_string
    template = get_template(template_name, using=using)
  File "C:\Users\fndui\AppData\Local\Programs\Python\Python35-32\lib\site-packages\django\template\loader.py", line 35, in get_template
    return engine.get_template(template_name, dirs)
  File "C:\Users\fndui\AppData\Local\Programs\Python\Python35-32\lib\site-packages\django\template\backends\django.py", line 30, in get_template
    return Template(self.engine.get_template(template_name, dirs))
  File "C:\Users\fndui\AppData\Local\Programs\Python\Python35-32\lib\site-packages\django\template\engine.py", line 167, in get_template
    template, origin = self.find_template(template_name, dirs)
  File "C:\Users\fndui\AppData\Local\Programs\Python\Python35-32\lib\site-packages\django\template\engine.py", line 141, in find_template
    source, display_name = loader(name, dirs)
  File "C:\Users\fndui\AppData\Local\Programs\Python\Python35-32\lib\site-packages\django\template\loaders\base.py", line 13, in __call__
    return self.load_template(template_name, template_dirs)
  File "C:\Users\fndui\AppData\Local\Programs\Python\Python35-32\lib\site-packages\django\template\loaders\base.py", line 23, in load_template
    template = Template(source, origin, template_name, self.engine)
  File "C:\Users\fndui\AppData\Local\Programs\Python\Python35-32\lib\site-packages\django\template\base.py", line 191, in __init__
    self.nodelist = engine.compile_string(template_string, origin)
  File "C:\Users\fndui\AppData\Local\Programs\Python\Python35-32\lib\site-packages\django\template\engine.py", line 261, in compile_string
    return parser.parse()
  File "C:\Users\fndui\AppData\Local\Programs\Python\Python35-32\lib\site-packages\django\template\base.py", line 342, in parse
    compiled_result = compile_func(self, token)
  File "C:\Users\fndui\AppData\Local\Programs\Python\Python35-32\lib\site-packages\django\template\loader_tags.py", line 210, in do_extends
    nodelist = parser.parse()
  File "C:\Users\fndui\AppData\Local\Programs\Python\Python35-32\lib\site-packages\django\template\base.py", line 342, in parse
    compiled_result = compile_func(self, token)
  File "C:\Users\fndui\AppData\Local\Programs\Python\Python35-32\lib\site-packages\django\template\loader_tags.py", line 184, in do_block
    nodelist = parser.parse(('endblock',))
  File "C:\Users\fndui\AppData\Local\Programs\Python\Python35-32\lib\site-packages\django\template\base.py", line 340, in parse
    self.invalid_block_tag(token, command, parse_until)
  File "C:\Users\fndui\AppData\Local\Programs\Python\Python35-32\lib\site-packages\django\template\base.py", line 395, in invalid_block_tag
    (command, get_text_list(["'%s'" % p for p in parse_until])))
django.template.base.TemplateSyntaxError: Invalid block tag: 'render_bundle', expected 'endblock'
[2016-11-01 17:18:38] ERROR [django.request.handle_uncaught_exception:256] Internal Server Error: /
Traceback (most recent call last):
  File "C:\Users\fndui\AppData\Local\Programs\Python\Python35-32\lib\site-packages\django\core\handlers\base.py", line 132, in get_response
    response = wrapped_callback(request, *callback_args, **callback_kwargs)
  File "C:\Users\fndui\PycharmProjects\skeleton\apps\myapp\views.py", line 7, in index
    return render(request, 'myapp/home.html')
  File "C:\Users\fndui\AppData\Local\Programs\Python\Python35-32\lib\site-packages\django\shortcuts.py", line 67, in render
    template_name, context, request=request, using=using)
  File "C:\Users\fndui\AppData\Local\Programs\Python\Python35-32\lib\site-packages\django\template\loader.py", line 99, in render_to_string
    return template.render(context, request)
  File "C:\Users\fndui\AppData\Local\Programs\Python\Python35-32\lib\site-packages\django\template\backends\django.py", line 74, in render
    return self.template.render(context)
  File "C:\Users\fndui\AppData\Local\Programs\Python\Python35-32\lib\site-packages\django\template\base.py", line 210, in render
    return self._render(context)
  File "C:\Users\fndui\AppData\Local\Programs\Python\Python35-32\lib\site-packages\django\template\base.py", line 202, in _render
    return self.nodelist.render(context)
  File "C:\Users\fndui\AppData\Local\Programs\Python\Python35-32\lib\site-packages\django\template\base.py", line 905, in render
    bit = self.render_node(node, context)
  File "C:\Users\fndui\AppData\Local\Programs\Python\Python35-32\lib\site-packages\django\template\debug.py", line 79, in render_node
    return node.render(context)
  File "C:\Users\fndui\AppData\Local\Programs\Python\Python35-32\lib\site-packages\django\template\loader_tags.py", line 113, in render
    compiled_parent = self.get_parent(context)
  File "C:\Users\fndui\AppData\Local\Programs\Python\Python35-32\lib\site-packages\django\template\loader_tags.py", line 110, in get_parent
    return context.template.engine.get_template(parent)
  File "C:\Users\fndui\AppData\Local\Programs\Python\Python35-32\lib\site-packages\django\template\engine.py", line 167, in get_template
    template, origin = self.find_template(template_name, dirs)
  File "C:\Users\fndui\AppData\Local\Programs\Python\Python35-32\lib\site-packages\django\template\engine.py", line 141, in find_template
    source, display_name = loader(name, dirs)
  File "C:\Users\fndui\AppData\Local\Programs\Python\Python35-32\lib\site-packages\django\template\loaders\base.py", line 13, in __call__
    return self.load_template(template_name, template_dirs)
  File "C:\Users\fndui\AppData\Local\Programs\Python\Python35-32\lib\site-packages\django\template\loaders\base.py", line 23, in load_template
    template = Template(source, origin, template_name, self.engine)
  File "C:\Users\fndui\AppData\Local\Programs\Python\Python35-32\lib\site-packages\django\template\base.py", line 191, in __init__
    self.nodelist = engine.compile_string(template_string, origin)
  File "C:\Users\fndui\AppData\Local\Programs\Python\Python35-32\lib\site-packages\django\template\engine.py", line 261, in compile_string
    return parser.parse()
  File "C:\Users\fndui\AppData\Local\Programs\Python\Python35-32\lib\site-packages\django\template\base.py", line 342, in parse
    compiled_result = compile_func(self, token)
  File "C:\Users\fndui\AppData\Local\Programs\Python\Python35-32\lib\site-packages\django\template\loader_tags.py", line 184, in do_block
    nodelist = parser.parse(('endblock',))
  File "C:\Users\fndui\AppData\Local\Programs\Python\Python35-32\lib\site-packages\django\template\base.py", line 342, in parse
    compiled_result = compile_func(self, token)
  File "C:\Users\fndui\AppData\Local\Programs\Python\Python35-32\lib\site-packages\django\template\base.py", line 1096, in generic_tag_compiler
    defaults, takes_context, name)
  File "C:\Users\fndui\AppData\Local\Programs\Python\Python35-32\lib\site-packages\django\template\base.py", line 1068, in parse_bits
    args.append(parser.compile_filter(bit))
  File "C:\Users\fndui\AppData\Local\Programs\Python\Python35-32\lib\site-packages\django\template\base.py", line 424, in compile_filter
    return FilterExpression(token, self)
  File "C:\Users\fndui\AppData\Local\Programs\Python\Python35-32\lib\site-packages\django\template\base.py", line 640, in __init__
    "from '%s'" % (token[upto:], token))
django.template.base.TemplateSyntaxError: Could not parse the remainder: '‘main’' from '‘main’'
[2016-11-01 17:18:39] ERROR [django.request.handle_uncaught_exception:256] Internal Server Error: /favicon.ico
Traceback (most recent call last):
  File "C:\Users\fndui\AppData\Local\Programs\Python\Python35-32\lib\site-packages\django\core\handlers\base.py", line 132, in get_response
    response = wrapped_callback(request, *callback_args, **callback_kwargs)
  File "C:\Users\fndui\PycharmProjects\skeleton\apps\myapp\views.py", line 7, in index
    return render(request, 'myapp/home.html')
  File "C:\Users\fndui\AppData\Local\Programs\Python\Python35-32\lib\site-packages\django\shortcuts.py", line 67, in render
    template_name, context, request=request, using=using)
  File "C:\Users\fndui\AppData\Local\Programs\Python\Python35-32\lib\site-packages\django\template\loader.py", line 99, in render_to_string
    return template.render(context, request)
  File "C:\Users\fndui\AppData\Local\Programs\Python\Python35-32\lib\site-packages\django\template\backends\django.py", line 74, in render
    return self.template.render(context)
  File "C:\Users\fndui\AppData\Local\Programs\Python\Python35-32\lib\site-packages\django\template\base.py", line 210, in render
    return self._render(context)
  File "C:\Users\fndui\AppData\Local\Programs\Python\Python35-32\lib\site-packages\django\template\base.py", line 202, in _render
    return self.nodelist.render(context)
  File "C:\Users\fndui\AppData\Local\Programs\Python\Python35-32\lib\site-packages\django\template\base.py", line 905, in render
    bit = self.render_node(node, context)
  File "C:\Users\fndui\AppData\Local\Programs\Python\Python35-32\lib\site-packages\django\template\debug.py", line 79, in render_node
    return node.render(context)
  File "C:\Users\fndui\AppData\Local\Programs\Python\Python35-32\lib\site-packages\django\template\loader_tags.py", line 113, in render
    compiled_parent = self.get_parent(context)
  File "C:\Users\fndui\AppData\Local\Programs\Python\Python35-32\lib\site-packages\django\template\loader_tags.py", line 110, in get_parent
    return context.template.engine.get_template(parent)
  File "C:\Users\fndui\AppData\Local\Programs\Python\Python35-32\lib\site-packages\django\template\engine.py", line 167, in get_template
    template, origin = self.find_template(template_name, dirs)
  File "C:\Users\fndui\AppData\Local\Programs\Python\Python35-32\lib\site-packages\django\template\engine.py", line 141, in find_template
    source, display_name = loader(name, dirs)
  File "C:\Users\fndui\AppData\Local\Programs\Python\Python35-32\lib\site-packages\django\template\loaders\base.py", line 13, in __call__
    return self.load_template(template_name, template_dirs)
  File "C:\Users\fndui\AppData\Local\Programs\Python\Python35-32\lib\site-packages\django\template\loaders\base.py", line 23, in load_template
    template = Template(source, origin, template_name, self.engine)
  File "C:\Users\fndui\AppData\Local\Programs\Python\Python35-32\lib\site-packages\django\template\base.py", line 191, in __init__
    self.nodelist = engine.compile_string(template_string, origin)
  File "C:\Users\fndui\AppData\Local\Programs\Python\Python35-32\lib\site-packages\django\template\engine.py", line 261, in compile_string
    return parser.parse()
  File "C:\Users\fndui\AppData\Local\Programs\Python\Python35-32\lib\site-packages\django\template\base.py", line 342, in parse
    compiled_result = compile_func(self, token)
  File "C:\Users\fndui\AppData\Local\Programs\Python\Python35-32\lib\site-packages\django\template\loader_tags.py", line 184, in do_block
    nodelist = parser.parse(('endblock',))
  File "C:\Users\fndui\AppData\Local\Programs\Python\Python35-32\lib\site-packages\django\template\base.py", line 342, in parse
    compiled_result = compile_func(self, token)
  File "C:\Users\fndui\AppData\Local\Programs\Python\Python35-32\lib\site-packages\django\template\base.py", line 1096, in generic_tag_compiler
    defaults, takes_context, name)
  File "C:\Users\fndui\AppData\Local\Programs\Python\Python35-32\lib\site-packages\django\template\base.py", line 1068, in parse_bits
    args.append(parser.compile_filter(bit))
  File "C:\Users\fndui\AppData\Local\Programs\Python\Python35-32\lib\site-packages\django\template\base.py", line 424, in compile_filter
    return FilterExpression(token, self)
  File "C:\Users\fndui\AppData\Local\Programs\Python\Python35-32\lib\site-packages\django\template\base.py", line 640, in __init__
    "from '%s'" % (token[upto:], token))
django.template.base.TemplateSyntaxError: Could not parse the remainder: '‘main’' from '‘main’'
[2016-11-01 17:23:49] ERROR [django.request.handle_uncaught_exception:256] Internal Server Error: /
Traceback (most recent call last):
  File "C:\Users\fndui\AppData\Local\Programs\Python\Python35-32\lib\site-packages\django\core\handlers\base.py", line 132, in get_response
    response = wrapped_callback(request, *callback_args, **callback_kwargs)
  File "C:\Users\fndui\PycharmProjects\skeleton\apps\myapp\views.py", line 7, in index
    return render(request, 'myapp/home.html')
  File "C:\Users\fndui\AppData\Local\Programs\Python\Python35-32\lib\site-packages\django\shortcuts.py", line 67, in render
    template_name, context, request=request, using=using)
  File "C:\Users\fndui\AppData\Local\Programs\Python\Python35-32\lib\site-packages\django\template\loader.py", line 99, in render_to_string
    return template.render(context, request)
  File "C:\Users\fndui\AppData\Local\Programs\Python\Python35-32\lib\site-packages\django\template\backends\django.py", line 74, in render
    return self.template.render(context)
  File "C:\Users\fndui\AppData\Local\Programs\Python\Python35-32\lib\site-packages\django\template\base.py", line 210, in render
    return self._render(context)
  File "C:\Users\fndui\AppData\Local\Programs\Python\Python35-32\lib\site-packages\django\template\base.py", line 202, in _render
    return self.nodelist.render(context)
  File "C:\Users\fndui\AppData\Local\Programs\Python\Python35-32\lib\site-packages\django\template\base.py", line 905, in render
    bit = self.render_node(node, context)
  File "C:\Users\fndui\AppData\Local\Programs\Python\Python35-32\lib\site-packages\django\template\debug.py", line 79, in render_node
    return node.render(context)
  File "C:\Users\fndui\AppData\Local\Programs\Python\Python35-32\lib\site-packages\django\template\loader_tags.py", line 113, in render
    compiled_parent = self.get_parent(context)
  File "C:\Users\fndui\AppData\Local\Programs\Python\Python35-32\lib\site-packages\django\template\loader_tags.py", line 110, in get_parent
    return context.template.engine.get_template(parent)
  File "C:\Users\fndui\AppData\Local\Programs\Python\Python35-32\lib\site-packages\django\template\engine.py", line 167, in get_template
    template, origin = self.find_template(template_name, dirs)
  File "C:\Users\fndui\AppData\Local\Programs\Python\Python35-32\lib\site-packages\django\template\engine.py", line 141, in find_template
    source, display_name = loader(name, dirs)
  File "C:\Users\fndui\AppData\Local\Programs\Python\Python35-32\lib\site-packages\django\template\loaders\base.py", line 13, in __call__
    return self.load_template(template_name, template_dirs)
  File "C:\Users\fndui\AppData\Local\Programs\Python\Python35-32\lib\site-packages\django\template\loaders\base.py", line 23, in load_template
    template = Template(source, origin, template_name, self.engine)
  File "C:\Users\fndui\AppData\Local\Programs\Python\Python35-32\lib\site-packages\django\template\base.py", line 191, in __init__
    self.nodelist = engine.compile_string(template_string, origin)
  File "C:\Users\fndui\AppData\Local\Programs\Python\Python35-32\lib\site-packages\django\template\engine.py", line 261, in compile_string
    return parser.parse()
  File "C:\Users\fndui\AppData\Local\Programs\Python\Python35-32\lib\site-packages\django\template\base.py", line 342, in parse
    compiled_result = compile_func(self, token)
  File "C:\Users\fndui\AppData\Local\Programs\Python\Python35-32\lib\site-packages\django\template\loader_tags.py", line 184, in do_block
    nodelist = parser.parse(('endblock',))
  File "C:\Users\fndui\AppData\Local\Programs\Python\Python35-32\lib\site-packages\django\template\base.py", line 342, in parse
    compiled_result = compile_func(self, token)
  File "C:\Users\fndui\AppData\Local\Programs\Python\Python35-32\lib\site-packages\django\template\base.py", line 1096, in generic_tag_compiler
    defaults, takes_context, name)
  File "C:\Users\fndui\AppData\Local\Programs\Python\Python35-32\lib\site-packages\django\template\base.py", line 1068, in parse_bits
    args.append(parser.compile_filter(bit))
  File "C:\Users\fndui\AppData\Local\Programs\Python\Python35-32\lib\site-packages\django\template\base.py", line 424, in compile_filter
    return FilterExpression(token, self)
  File "C:\Users\fndui\AppData\Local\Programs\Python\Python35-32\lib\site-packages\django\template\base.py", line 640, in __init__
    "from '%s'" % (token[upto:], token))
django.template.base.TemplateSyntaxError: Could not parse the remainder: '‘main’' from '‘main’'
[2016-11-01 17:23:50] ERROR [django.request.handle_uncaught_exception:256] Internal Server Error: /favicon.ico
Traceback (most recent call last):
  File "C:\Users\fndui\AppData\Local\Programs\Python\Python35-32\lib\site-packages\django\core\handlers\base.py", line 132, in get_response
    response = wrapped_callback(request, *callback_args, **callback_kwargs)
  File "C:\Users\fndui\PycharmProjects\skeleton\apps\myapp\views.py", line 7, in index
    return render(request, 'myapp/home.html')
  File "C:\Users\fndui\AppData\Local\Programs\Python\Python35-32\lib\site-packages\django\shortcuts.py", line 67, in render
    template_name, context, request=request, using=using)
  File "C:\Users\fndui\AppData\Local\Programs\Python\Python35-32\lib\site-packages\django\template\loader.py", line 99, in render_to_string
    return template.render(context, request)
  File "C:\Users\fndui\AppData\Local\Programs\Python\Python35-32\lib\site-packages\django\template\backends\django.py", line 74, in render
    return self.template.render(context)
  File "C:\Users\fndui\AppData\Local\Programs\Python\Python35-32\lib\site-packages\django\template\base.py", line 210, in render
    return self._render(context)
  File "C:\Users\fndui\AppData\Local\Programs\Python\Python35-32\lib\site-packages\django\template\base.py", line 202, in _render
    return self.nodelist.render(context)
  File "C:\Users\fndui\AppData\Local\Programs\Python\Python35-32\lib\site-packages\django\template\base.py", line 905, in render
    bit = self.render_node(node, context)
  File "C:\Users\fndui\AppData\Local\Programs\Python\Python35-32\lib\site-packages\django\template\debug.py", line 79, in render_node
    return node.render(context)
  File "C:\Users\fndui\AppData\Local\Programs\Python\Python35-32\lib\site-packages\django\template\loader_tags.py", line 113, in render
    compiled_parent = self.get_parent(context)
  File "C:\Users\fndui\AppData\Local\Programs\Python\Python35-32\lib\site-packages\django\template\loader_tags.py", line 110, in get_parent
    return context.template.engine.get_template(parent)
  File "C:\Users\fndui\AppData\Local\Programs\Python\Python35-32\lib\site-packages\django\template\engine.py", line 167, in get_template
    template, origin = self.find_template(template_name, dirs)
  File "C:\Users\fndui\AppData\Local\Programs\Python\Python35-32\lib\site-packages\django\template\engine.py", line 141, in find_template
    source, display_name = loader(name, dirs)
  File "C:\Users\fndui\AppData\Local\Programs\Python\Python35-32\lib\site-packages\django\template\loaders\base.py", line 13, in __call__
    return self.load_template(template_name, template_dirs)
  File "C:\Users\fndui\AppData\Local\Programs\Python\Python35-32\lib\site-packages\django\template\loaders\base.py", line 23, in load_template
    template = Template(source, origin, template_name, self.engine)
  File "C:\Users\fndui\AppData\Local\Programs\Python\Python35-32\lib\site-packages\django\template\base.py", line 191, in __init__
    self.nodelist = engine.compile_string(template_string, origin)
  File "C:\Users\fndui\AppData\Local\Programs\Python\Python35-32\lib\site-packages\django\template\engine.py", line 261, in compile_string
    return parser.parse()
  File "C:\Users\fndui\AppData\Local\Programs\Python\Python35-32\lib\site-packages\django\template\base.py", line 342, in parse
    compiled_result = compile_func(self, token)
  File "C:\Users\fndui\AppData\Local\Programs\Python\Python35-32\lib\site-packages\django\template\loader_tags.py", line 184, in do_block
    nodelist = parser.parse(('endblock',))
  File "C:\Users\fndui\AppData\Local\Programs\Python\Python35-32\lib\site-packages\django\template\base.py", line 342, in parse
    compiled_result = compile_func(self, token)
  File "C:\Users\fndui\AppData\Local\Programs\Python\Python35-32\lib\site-packages\django\template\base.py", line 1096, in generic_tag_compiler
    defaults, takes_context, name)
  File "C:\Users\fndui\AppData\Local\Programs\Python\Python35-32\lib\site-packages\django\template\base.py", line 1068, in parse_bits
    args.append(parser.compile_filter(bit))
  File "C:\Users\fndui\AppData\Local\Programs\Python\Python35-32\lib\site-packages\django\template\base.py", line 424, in compile_filter
    return FilterExpression(token, self)
  File "C:\Users\fndui\AppData\Local\Programs\Python\Python35-32\lib\site-packages\django\template\base.py", line 640, in __init__
    "from '%s'" % (token[upto:], token))
django.template.base.TemplateSyntaxError: Could not parse the remainder: '‘main’' from '‘main’'
[2016-11-01 17:23:51] ERROR [django.request.handle_uncaught_exception:256] Internal Server Error: /
Traceback (most recent call last):
  File "C:\Users\fndui\AppData\Local\Programs\Python\Python35-32\lib\site-packages\django\core\handlers\base.py", line 132, in get_response
    response = wrapped_callback(request, *callback_args, **callback_kwargs)
  File "C:\Users\fndui\PycharmProjects\skeleton\apps\myapp\views.py", line 7, in index
    return render(request, 'myapp/home.html')
  File "C:\Users\fndui\AppData\Local\Programs\Python\Python35-32\lib\site-packages\django\shortcuts.py", line 67, in render
    template_name, context, request=request, using=using)
  File "C:\Users\fndui\AppData\Local\Programs\Python\Python35-32\lib\site-packages\django\template\loader.py", line 99, in render_to_string
    return template.render(context, request)
  File "C:\Users\fndui\AppData\Local\Programs\Python\Python35-32\lib\site-packages\django\template\backends\django.py", line 74, in render
    return self.template.render(context)
  File "C:\Users\fndui\AppData\Local\Programs\Python\Python35-32\lib\site-packages\django\template\base.py", line 210, in render
    return self._render(context)
  File "C:\Users\fndui\AppData\Local\Programs\Python\Python35-32\lib\site-packages\django\template\base.py", line 202, in _render
    return self.nodelist.render(context)
  File "C:\Users\fndui\AppData\Local\Programs\Python\Python35-32\lib\site-packages\django\template\base.py", line 905, in render
    bit = self.render_node(node, context)
  File "C:\Users\fndui\AppData\Local\Programs\Python\Python35-32\lib\site-packages\django\template\debug.py", line 79, in render_node
    return node.render(context)
  File "C:\Users\fndui\AppData\Local\Programs\Python\Python35-32\lib\site-packages\django\template\loader_tags.py", line 113, in render
    compiled_parent = self.get_parent(context)
  File "C:\Users\fndui\AppData\Local\Programs\Python\Python35-32\lib\site-packages\django\template\loader_tags.py", line 110, in get_parent
    return context.template.engine.get_template(parent)
  File "C:\Users\fndui\AppData\Local\Programs\Python\Python35-32\lib\site-packages\django\template\engine.py", line 167, in get_template
    template, origin = self.find_template(template_name, dirs)
  File "C:\Users\fndui\AppData\Local\Programs\Python\Python35-32\lib\site-packages\django\template\engine.py", line 141, in find_template
    source, display_name = loader(name, dirs)
  File "C:\Users\fndui\AppData\Local\Programs\Python\Python35-32\lib\site-packages\django\template\loaders\base.py", line 13, in __call__
    return self.load_template(template_name, template_dirs)
  File "C:\Users\fndui\AppData\Local\Programs\Python\Python35-32\lib\site-packages\django\template\loaders\base.py", line 23, in load_template
    template = Template(source, origin, template_name, self.engine)
  File "C:\Users\fndui\AppData\Local\Programs\Python\Python35-32\lib\site-packages\django\template\base.py", line 191, in __init__
    self.nodelist = engine.compile_string(template_string, origin)
  File "C:\Users\fndui\AppData\Local\Programs\Python\Python35-32\lib\site-packages\django\template\engine.py", line 261, in compile_string
    return parser.parse()
  File "C:\Users\fndui\AppData\Local\Programs\Python\Python35-32\lib\site-packages\django\template\base.py", line 342, in parse
    compiled_result = compile_func(self, token)
  File "C:\Users\fndui\AppData\Local\Programs\Python\Python35-32\lib\site-packages\django\template\loader_tags.py", line 184, in do_block
    nodelist = parser.parse(('endblock',))
  File "C:\Users\fndui\AppData\Local\Programs\Python\Python35-32\lib\site-packages\django\template\base.py", line 342, in parse
    compiled_result = compile_func(self, token)
  File "C:\Users\fndui\AppData\Local\Programs\Python\Python35-32\lib\site-packages\django\template\base.py", line 1096, in generic_tag_compiler
    defaults, takes_context, name)
  File "C:\Users\fndui\AppData\Local\Programs\Python\Python35-32\lib\site-packages\django\template\base.py", line 1068, in parse_bits
    args.append(parser.compile_filter(bit))
  File "C:\Users\fndui\AppData\Local\Programs\Python\Python35-32\lib\site-packages\django\template\base.py", line 424, in compile_filter
    return FilterExpression(token, self)
  File "C:\Users\fndui\AppData\Local\Programs\Python\Python35-32\lib\site-packages\django\template\base.py", line 640, in __init__
    "from '%s'" % (token[upto:], token))
django.template.base.TemplateSyntaxError: Could not parse the remainder: '‘main’' from '‘main’'
[2016-11-01 17:23:52] ERROR [django.request.handle_uncaught_exception:256] Internal Server Error: /favicon.ico
Traceback (most recent call last):
  File "C:\Users\fndui\AppData\Local\Programs\Python\Python35-32\lib\site-packages\django\core\handlers\base.py", line 132, in get_response
    response = wrapped_callback(request, *callback_args, **callback_kwargs)
  File "C:\Users\fndui\PycharmProjects\skeleton\apps\myapp\views.py", line 7, in index
    return render(request, 'myapp/home.html')
  File "C:\Users\fndui\AppData\Local\Programs\Python\Python35-32\lib\site-packages\django\shortcuts.py", line 67, in render
    template_name, context, request=request, using=using)
  File "C:\Users\fndui\AppData\Local\Programs\Python\Python35-32\lib\site-packages\django\template\loader.py", line 99, in render_to_string
    return template.render(context, request)
  File "C:\Users\fndui\AppData\Local\Programs\Python\Python35-32\lib\site-packages\django\template\backends\django.py", line 74, in render
    return self.template.render(context)
  File "C:\Users\fndui\AppData\Local\Programs\Python\Python35-32\lib\site-packages\django\template\base.py", line 210, in render
    return self._render(context)
  File "C:\Users\fndui\AppData\Local\Programs\Python\Python35-32\lib\site-packages\django\template\base.py", line 202, in _render
    return self.nodelist.render(context)
  File "C:\Users\fndui\AppData\Local\Programs\Python\Python35-32\lib\site-packages\django\template\base.py", line 905, in render
    bit = self.render_node(node, context)
  File "C:\Users\fndui\AppData\Local\Programs\Python\Python35-32\lib\site-packages\django\template\debug.py", line 79, in render_node
    return node.render(context)
  File "C:\Users\fndui\AppData\Local\Programs\Python\Python35-32\lib\site-packages\django\template\loader_tags.py", line 113, in render
    compiled_parent = self.get_parent(context)
  File "C:\Users\fndui\AppData\Local\Programs\Python\Python35-32\lib\site-packages\django\template\loader_tags.py", line 110, in get_parent
    return context.template.engine.get_template(parent)
  File "C:\Users\fndui\AppData\Local\Programs\Python\Python35-32\lib\site-packages\django\template\engine.py", line 167, in get_template
    template, origin = self.find_template(template_name, dirs)
  File "C:\Users\fndui\AppData\Local\Programs\Python\Python35-32\lib\site-packages\django\template\engine.py", line 141, in find_template
    source, display_name = loader(name, dirs)
  File "C:\Users\fndui\AppData\Local\Programs\Python\Python35-32\lib\site-packages\django\template\loaders\base.py", line 13, in __call__
    return self.load_template(template_name, template_dirs)
  File "C:\Users\fndui\AppData\Local\Programs\Python\Python35-32\lib\site-packages\django\template\loaders\base.py", line 23, in load_template
    template = Template(source, origin, template_name, self.engine)
  File "C:\Users\fndui\AppData\Local\Programs\Python\Python35-32\lib\site-packages\django\template\base.py", line 191, in __init__
    self.nodelist = engine.compile_string(template_string, origin)
  File "C:\Users\fndui\AppData\Local\Programs\Python\Python35-32\lib\site-packages\django\template\engine.py", line 261, in compile_string
    return parser.parse()
  File "C:\Users\fndui\AppData\Local\Programs\Python\Python35-32\lib\site-packages\django\template\base.py", line 342, in parse
    compiled_result = compile_func(self, token)
  File "C:\Users\fndui\AppData\Local\Programs\Python\Python35-32\lib\site-packages\django\template\loader_tags.py", line 184, in do_block
    nodelist = parser.parse(('endblock',))
  File "C:\Users\fndui\AppData\Local\Programs\Python\Python35-32\lib\site-packages\django\template\base.py", line 342, in parse
    compiled_result = compile_func(self, token)
  File "C:\Users\fndui\AppData\Local\Programs\Python\Python35-32\lib\site-packages\django\template\base.py", line 1096, in generic_tag_compiler
    defaults, takes_context, name)
  File "C:\Users\fndui\AppData\Local\Programs\Python\Python35-32\lib\site-packages\django\template\base.py", line 1068, in parse_bits
    args.append(parser.compile_filter(bit))
  File "C:\Users\fndui\AppData\Local\Programs\Python\Python35-32\lib\site-packages\django\template\base.py", line 424, in compile_filter
    return FilterExpression(token, self)
  File "C:\Users\fndui\AppData\Local\Programs\Python\Python35-32\lib\site-packages\django\template\base.py", line 640, in __init__
    "from '%s'" % (token[upto:], token))
django.template.base.TemplateSyntaxError: Could not parse the remainder: '‘main’' from '‘main’'
[2016-11-01 17:25:01] ERROR [django.request.handle_uncaught_exception:256] Internal Server Error: /
Traceback (most recent call last):
  File "C:\Users\fndui\AppData\Local\Programs\Python\Python35-32\lib\site-packages\django\core\handlers\base.py", line 132, in get_response
    response = wrapped_callback(request, *callback_args, **callback_kwargs)
  File "C:\Users\fndui\PycharmProjects\skeleton\apps\myapp\views.py", line 7, in index
    return render(request, 'myapp/home.html')
  File "C:\Users\fndui\AppData\Local\Programs\Python\Python35-32\lib\site-packages\django\shortcuts.py", line 67, in render
    template_name, context, request=request, using=using)
  File "C:\Users\fndui\AppData\Local\Programs\Python\Python35-32\lib\site-packages\django\template\loader.py", line 99, in render_to_string
    return template.render(context, request)
  File "C:\Users\fndui\AppData\Local\Programs\Python\Python35-32\lib\site-packages\django\template\backends\django.py", line 74, in render
    return self.template.render(context)
  File "C:\Users\fndui\AppData\Local\Programs\Python\Python35-32\lib\site-packages\django\template\base.py", line 210, in render
    return self._render(context)
  File "C:\Users\fndui\AppData\Local\Programs\Python\Python35-32\lib\site-packages\django\template\base.py", line 202, in _render
    return self.nodelist.render(context)
  File "C:\Users\fndui\AppData\Local\Programs\Python\Python35-32\lib\site-packages\django\template\base.py", line 905, in render
    bit = self.render_node(node, context)
  File "C:\Users\fndui\AppData\Local\Programs\Python\Python35-32\lib\site-packages\django\template\debug.py", line 79, in render_node
    return node.render(context)
  File "C:\Users\fndui\AppData\Local\Programs\Python\Python35-32\lib\site-packages\django\template\loader_tags.py", line 113, in render
    compiled_parent = self.get_parent(context)
  File "C:\Users\fndui\AppData\Local\Programs\Python\Python35-32\lib\site-packages\django\template\loader_tags.py", line 110, in get_parent
    return context.template.engine.get_template(parent)
  File "C:\Users\fndui\AppData\Local\Programs\Python\Python35-32\lib\site-packages\django\template\engine.py", line 167, in get_template
    template, origin = self.find_template(template_name, dirs)
  File "C:\Users\fndui\AppData\Local\Programs\Python\Python35-32\lib\site-packages\django\template\engine.py", line 141, in find_template
    source, display_name = loader(name, dirs)
  File "C:\Users\fndui\AppData\Local\Programs\Python\Python35-32\lib\site-packages\django\template\loaders\base.py", line 13, in __call__
    return self.load_template(template_name, template_dirs)
  File "C:\Users\fndui\AppData\Local\Programs\Python\Python35-32\lib\site-packages\django\template\loaders\base.py", line 23, in load_template
    template = Template(source, origin, template_name, self.engine)
  File "C:\Users\fndui\AppData\Local\Programs\Python\Python35-32\lib\site-packages\django\template\base.py", line 191, in __init__
    self.nodelist = engine.compile_string(template_string, origin)
  File "C:\Users\fndui\AppData\Local\Programs\Python\Python35-32\lib\site-packages\django\template\engine.py", line 261, in compile_string
    return parser.parse()
  File "C:\Users\fndui\AppData\Local\Programs\Python\Python35-32\lib\site-packages\django\template\base.py", line 342, in parse
    compiled_result = compile_func(self, token)
  File "C:\Users\fndui\AppData\Local\Programs\Python\Python35-32\lib\site-packages\django\template\base.py", line 1096, in generic_tag_compiler
    defaults, takes_context, name)
  File "C:\Users\fndui\AppData\Local\Programs\Python\Python35-32\lib\site-packages\django\template\base.py", line 1068, in parse_bits
    args.append(parser.compile_filter(bit))
  File "C:\Users\fndui\AppData\Local\Programs\Python\Python35-32\lib\site-packages\django\template\base.py", line 424, in compile_filter
    return FilterExpression(token, self)
  File "C:\Users\fndui\AppData\Local\Programs\Python\Python35-32\lib\site-packages\django\template\base.py", line 640, in __init__
    "from '%s'" % (token[upto:], token))
django.template.base.TemplateSyntaxError: Could not parse the remainder: '‘main’' from '‘main’'
[2016-11-01 17:25:01] ERROR [django.request.handle_uncaught_exception:256] Internal Server Error: /favicon.ico
Traceback (most recent call last):
  File "C:\Users\fndui\AppData\Local\Programs\Python\Python35-32\lib\site-packages\django\core\handlers\base.py", line 132, in get_response
    response = wrapped_callback(request, *callback_args, **callback_kwargs)
  File "C:\Users\fndui\PycharmProjects\skeleton\apps\myapp\views.py", line 7, in index
    return render(request, 'myapp/home.html')
  File "C:\Users\fndui\AppData\Local\Programs\Python\Python35-32\lib\site-packages\django\shortcuts.py", line 67, in render
    template_name, context, request=request, using=using)
  File "C:\Users\fndui\AppData\Local\Programs\Python\Python35-32\lib\site-packages\django\template\loader.py", line 99, in render_to_string
    return template.render(context, request)
  File "C:\Users\fndui\AppData\Local\Programs\Python\Python35-32\lib\site-packages\django\template\backends\django.py", line 74, in render
    return self.template.render(context)
  File "C:\Users\fndui\AppData\Local\Programs\Python\Python35-32\lib\site-packages\django\template\base.py", line 210, in render
    return self._render(context)
  File "C:\Users\fndui\AppData\Local\Programs\Python\Python35-32\lib\site-packages\django\template\base.py", line 202, in _render
    return self.nodelist.render(context)
  File "C:\Users\fndui\AppData\Local\Programs\Python\Python35-32\lib\site-packages\django\template\base.py", line 905, in render
    bit = self.render_node(node, context)
  File "C:\Users\fndui\AppData\Local\Programs\Python\Python35-32\lib\site-packages\django\template\debug.py", line 79, in render_node
    return node.render(context)
  File "C:\Users\fndui\AppData\Local\Programs\Python\Python35-32\lib\site-packages\django\template\loader_tags.py", line 113, in render
    compiled_parent = self.get_parent(context)
  File "C:\Users\fndui\AppData\Local\Programs\Python\Python35-32\lib\site-packages\django\template\loader_tags.py", line 110, in get_parent
    return context.template.engine.get_template(parent)
  File "C:\Users\fndui\AppData\Local\Programs\Python\Python35-32\lib\site-packages\django\template\engine.py", line 167, in get_template
    template, origin = self.find_template(template_name, dirs)
  File "C:\Users\fndui\AppData\Local\Programs\Python\Python35-32\lib\site-packages\django\template\engine.py", line 141, in find_template
    source, display_name = loader(name, dirs)
  File "C:\Users\fndui\AppData\Local\Programs\Python\Python35-32\lib\site-packages\django\template\loaders\base.py", line 13, in __call__
    return self.load_template(template_name, template_dirs)
  File "C:\Users\fndui\AppData\Local\Programs\Python\Python35-32\lib\site-packages\django\template\loaders\base.py", line 23, in load_template
    template = Template(source, origin, template_name, self.engine)
  File "C:\Users\fndui\AppData\Local\Programs\Python\Python35-32\lib\site-packages\django\template\base.py", line 191, in __init__
    self.nodelist = engine.compile_string(template_string, origin)
  File "C:\Users\fndui\AppData\Local\Programs\Python\Python35-32\lib\site-packages\django\template\engine.py", line 261, in compile_string
    return parser.parse()
  File "C:\Users\fndui\AppData\Local\Programs\Python\Python35-32\lib\site-packages\django\template\base.py", line 342, in parse
    compiled_result = compile_func(self, token)
  File "C:\Users\fndui\AppData\Local\Programs\Python\Python35-32\lib\site-packages\django\template\base.py", line 1096, in generic_tag_compiler
    defaults, takes_context, name)
  File "C:\Users\fndui\AppData\Local\Programs\Python\Python35-32\lib\site-packages\django\template\base.py", line 1068, in parse_bits
    args.append(parser.compile_filter(bit))
  File "C:\Users\fndui\AppData\Local\Programs\Python\Python35-32\lib\site-packages\django\template\base.py", line 424, in compile_filter
    return FilterExpression(token, self)
  File "C:\Users\fndui\AppData\Local\Programs\Python\Python35-32\lib\site-packages\django\template\base.py", line 640, in __init__
    "from '%s'" % (token[upto:], token))
django.template.base.TemplateSyntaxError: Could not parse the remainder: '‘main’' from '‘main’'
[2016-11-01 17:25:04] ERROR [django.request.handle_uncaught_exception:256] Internal Server Error: /
Traceback (most recent call last):
  File "C:\Users\fndui\AppData\Local\Programs\Python\Python35-32\lib\site-packages\django\core\handlers\base.py", line 132, in get_response
    response = wrapped_callback(request, *callback_args, **callback_kwargs)
  File "C:\Users\fndui\PycharmProjects\skeleton\apps\myapp\views.py", line 7, in index
    return render(request, 'myapp/home.html')
  File "C:\Users\fndui\AppData\Local\Programs\Python\Python35-32\lib\site-packages\django\shortcuts.py", line 67, in render
    template_name, context, request=request, using=using)
  File "C:\Users\fndui\AppData\Local\Programs\Python\Python35-32\lib\site-packages\django\template\loader.py", line 99, in render_to_string
    return template.render(context, request)
  File "C:\Users\fndui\AppData\Local\Programs\Python\Python35-32\lib\site-packages\django\template\backends\django.py", line 74, in render
    return self.template.render(context)
  File "C:\Users\fndui\AppData\Local\Programs\Python\Python35-32\lib\site-packages\django\template\base.py", line 210, in render
    return self._render(context)
  File "C:\Users\fndui\AppData\Local\Programs\Python\Python35-32\lib\site-packages\django\template\base.py", line 202, in _render
    return self.nodelist.render(context)
  File "C:\Users\fndui\AppData\Local\Programs\Python\Python35-32\lib\site-packages\django\template\base.py", line 905, in render
    bit = self.render_node(node, context)
  File "C:\Users\fndui\AppData\Local\Programs\Python\Python35-32\lib\site-packages\django\template\debug.py", line 79, in render_node
    return node.render(context)
  File "C:\Users\fndui\AppData\Local\Programs\Python\Python35-32\lib\site-packages\django\template\loader_tags.py", line 113, in render
    compiled_parent = self.get_parent(context)
  File "C:\Users\fndui\AppData\Local\Programs\Python\Python35-32\lib\site-packages\django\template\loader_tags.py", line 110, in get_parent
    return context.template.engine.get_template(parent)
  File "C:\Users\fndui\AppData\Local\Programs\Python\Python35-32\lib\site-packages\django\template\engine.py", line 167, in get_template
    template, origin = self.find_template(template_name, dirs)
  File "C:\Users\fndui\AppData\Local\Programs\Python\Python35-32\lib\site-packages\django\template\engine.py", line 141, in find_template
    source, display_name = loader(name, dirs)
  File "C:\Users\fndui\AppData\Local\Programs\Python\Python35-32\lib\site-packages\django\template\loaders\base.py", line 13, in __call__
    return self.load_template(template_name, template_dirs)
  File "C:\Users\fndui\AppData\Local\Programs\Python\Python35-32\lib\site-packages\django\template\loaders\base.py", line 23, in load_template
    template = Template(source, origin, template_name, self.engine)
  File "C:\Users\fndui\AppData\Local\Programs\Python\Python35-32\lib\site-packages\django\template\base.py", line 191, in __init__
    self.nodelist = engine.compile_string(template_string, origin)
  File "C:\Users\fndui\AppData\Local\Programs\Python\Python35-32\lib\site-packages\django\template\engine.py", line 261, in compile_string
    return parser.parse()
  File "C:\Users\fndui\AppData\Local\Programs\Python\Python35-32\lib\site-packages\django\template\base.py", line 342, in parse
    compiled_result = compile_func(self, token)
  File "C:\Users\fndui\AppData\Local\Programs\Python\Python35-32\lib\site-packages\django\template\base.py", line 1096, in generic_tag_compiler
    defaults, takes_context, name)
  File "C:\Users\fndui\AppData\Local\Programs\Python\Python35-32\lib\site-packages\django\template\base.py", line 1068, in parse_bits
    args.append(parser.compile_filter(bit))
  File "C:\Users\fndui\AppData\Local\Programs\Python\Python35-32\lib\site-packages\django\template\base.py", line 424, in compile_filter
    return FilterExpression(token, self)
  File "C:\Users\fndui\AppData\Local\Programs\Python\Python35-32\lib\site-packages\django\template\base.py", line 640, in __init__
    "from '%s'" % (token[upto:], token))
django.template.base.TemplateSyntaxError: Could not parse the remainder: '‘main’' from '‘main’'
[2016-11-01 17:25:04] ERROR [django.request.handle_uncaught_exception:256] Internal Server Error: /favicon.ico
Traceback (most recent call last):
  File "C:\Users\fndui\AppData\Local\Programs\Python\Python35-32\lib\site-packages\django\core\handlers\base.py", line 132, in get_response
    response = wrapped_callback(request, *callback_args, **callback_kwargs)
  File "C:\Users\fndui\PycharmProjects\skeleton\apps\myapp\views.py", line 7, in index
    return render(request, 'myapp/home.html')
  File "C:\Users\fndui\AppData\Local\Programs\Python\Python35-32\lib\site-packages\django\shortcuts.py", line 67, in render
    template_name, context, request=request, using=using)
  File "C:\Users\fndui\AppData\Local\Programs\Python\Python35-32\lib\site-packages\django\template\loader.py", line 99, in render_to_string
    return template.render(context, request)
  File "C:\Users\fndui\AppData\Local\Programs\Python\Python35-32\lib\site-packages\django\template\backends\django.py", line 74, in render
    return self.template.render(context)
  File "C:\Users\fndui\AppData\Local\Programs\Python\Python35-32\lib\site-packages\django\template\base.py", line 210, in render
    return self._render(context)
  File "C:\Users\fndui\AppData\Local\Programs\Python\Python35-32\lib\site-packages\django\template\base.py", line 202, in _render
    return self.nodelist.render(context)
  File "C:\Users\fndui\AppData\Local\Programs\Python\Python35-32\lib\site-packages\django\template\base.py", line 905, in render
    bit = self.render_node(node, context)
  File "C:\Users\fndui\AppData\Local\Programs\Python\Python35-32\lib\site-packages\django\template\debug.py", line 79, in render_node
    return node.render(context)
  File "C:\Users\fndui\AppData\Local\Programs\Python\Python35-32\lib\site-packages\django\template\loader_tags.py", line 113, in render
    compiled_parent = self.get_parent(context)
  File "C:\Users\fndui\AppData\Local\Programs\Python\Python35-32\lib\site-packages\django\template\loader_tags.py", line 110, in get_parent
    return context.template.engine.get_template(parent)
  File "C:\Users\fndui\AppData\Local\Programs\Python\Python35-32\lib\site-packages\django\template\engine.py", line 167, in get_template
    template, origin = self.find_template(template_name, dirs)
  File "C:\Users\fndui\AppData\Local\Programs\Python\Python35-32\lib\site-packages\django\template\engine.py", line 141, in find_template
    source, display_name = loader(name, dirs)
  File "C:\Users\fndui\AppData\Local\Programs\Python\Python35-32\lib\site-packages\django\template\loaders\base.py", line 13, in __call__
    return self.load_template(template_name, template_dirs)
  File "C:\Users\fndui\AppData\Local\Programs\Python\Python35-32\lib\site-packages\django\template\loaders\base.py", line 23, in load_template
    template = Template(source, origin, template_name, self.engine)
  File "C:\Users\fndui\AppData\Local\Programs\Python\Python35-32\lib\site-packages\django\template\base.py", line 191, in __init__
    self.nodelist = engine.compile_string(template_string, origin)
  File "C:\Users\fndui\AppData\Local\Programs\Python\Python35-32\lib\site-packages\django\template\engine.py", line 261, in compile_string
    return parser.parse()
  File "C:\Users\fndui\AppData\Local\Programs\Python\Python35-32\lib\site-packages\django\template\base.py", line 342, in parse
    compiled_result = compile_func(self, token)
  File "C:\Users\fndui\AppData\Local\Programs\Python\Python35-32\lib\site-packages\django\template\base.py", line 1096, in generic_tag_compiler
    defaults, takes_context, name)
  File "C:\Users\fndui\AppData\Local\Programs\Python\Python35-32\lib\site-packages\django\template\base.py", line 1068, in parse_bits
    args.append(parser.compile_filter(bit))
  File "C:\Users\fndui\AppData\Local\Programs\Python\Python35-32\lib\site-packages\django\template\base.py", line 424, in compile_filter
    return FilterExpression(token, self)
  File "C:\Users\fndui\AppData\Local\Programs\Python\Python35-32\lib\site-packages\django\template\base.py", line 640, in __init__
    "from '%s'" % (token[upto:], token))
django.template.base.TemplateSyntaxError: Could not parse the remainder: '‘main’' from '‘main’'
[2016-11-01 17:25:06] ERROR [django.request.handle_uncaught_exception:256] Internal Server Error: /
Traceback (most recent call last):
  File "C:\Users\fndui\AppData\Local\Programs\Python\Python35-32\lib\site-packages\django\core\handlers\base.py", line 132, in get_response
    response = wrapped_callback(request, *callback_args, **callback_kwargs)
  File "C:\Users\fndui\PycharmProjects\skeleton\apps\myapp\views.py", line 7, in index
    return render(request, 'myapp/home.html')
  File "C:\Users\fndui\AppData\Local\Programs\Python\Python35-32\lib\site-packages\django\shortcuts.py", line 67, in render
    template_name, context, request=request, using=using)
  File "C:\Users\fndui\AppData\Local\Programs\Python\Python35-32\lib\site-packages\django\template\loader.py", line 99, in render_to_string
    return template.render(context, request)
  File "C:\Users\fndui\AppData\Local\Programs\Python\Python35-32\lib\site-packages\django\template\backends\django.py", line 74, in render
    return self.template.render(context)
  File "C:\Users\fndui\AppData\Local\Programs\Python\Python35-32\lib\site-packages\django\template\base.py", line 210, in render
    return self._render(context)
  File "C:\Users\fndui\AppData\Local\Programs\Python\Python35-32\lib\site-packages\django\template\base.py", line 202, in _render
    return self.nodelist.render(context)
  File "C:\Users\fndui\AppData\Local\Programs\Python\Python35-32\lib\site-packages\django\template\base.py", line 905, in render
    bit = self.render_node(node, context)
  File "C:\Users\fndui\AppData\Local\Programs\Python\Python35-32\lib\site-packages\django\template\debug.py", line 79, in render_node
    return node.render(context)
  File "C:\Users\fndui\AppData\Local\Programs\Python\Python35-32\lib\site-packages\django\template\loader_tags.py", line 113, in render
    compiled_parent = self.get_parent(context)
  File "C:\Users\fndui\AppData\Local\Programs\Python\Python35-32\lib\site-packages\django\template\loader_tags.py", line 110, in get_parent
    return context.template.engine.get_template(parent)
  File "C:\Users\fndui\AppData\Local\Programs\Python\Python35-32\lib\site-packages\django\template\engine.py", line 167, in get_template
    template, origin = self.find_template(template_name, dirs)
  File "C:\Users\fndui\AppData\Local\Programs\Python\Python35-32\lib\site-packages\django\template\engine.py", line 141, in find_template
    source, display_name = loader(name, dirs)
  File "C:\Users\fndui\AppData\Local\Programs\Python\Python35-32\lib\site-packages\django\template\loaders\base.py", line 13, in __call__
    return self.load_template(template_name, template_dirs)
  File "C:\Users\fndui\AppData\Local\Programs\Python\Python35-32\lib\site-packages\django\template\loaders\base.py", line 23, in load_template
    template = Template(source, origin, template_name, self.engine)
  File "C:\Users\fndui\AppData\Local\Programs\Python\Python35-32\lib\site-packages\django\template\base.py", line 191, in __init__
    self.nodelist = engine.compile_string(template_string, origin)
  File "C:\Users\fndui\AppData\Local\Programs\Python\Python35-32\lib\site-packages\django\template\engine.py", line 261, in compile_string
    return parser.parse()
  File "C:\Users\fndui\AppData\Local\Programs\Python\Python35-32\lib\site-packages\django\template\base.py", line 342, in parse
    compiled_result = compile_func(self, token)
  File "C:\Users\fndui\AppData\Local\Programs\Python\Python35-32\lib\site-packages\django\template\base.py", line 1096, in generic_tag_compiler
    defaults, takes_context, name)
  File "C:\Users\fndui\AppData\Local\Programs\Python\Python35-32\lib\site-packages\django\template\base.py", line 1068, in parse_bits
    args.append(parser.compile_filter(bit))
  File "C:\Users\fndui\AppData\Local\Programs\Python\Python35-32\lib\site-packages\django\template\base.py", line 424, in compile_filter
    return FilterExpression(token, self)
  File "C:\Users\fndui\AppData\Local\Programs\Python\Python35-32\lib\site-packages\django\template\base.py", line 640, in __init__
    "from '%s'" % (token[upto:], token))
django.template.base.TemplateSyntaxError: Could not parse the remainder: '‘main’' from '‘main’'
[2016-11-01 17:25:06] ERROR [django.request.handle_uncaught_exception:256] Internal Server Error: /favicon.ico
Traceback (most recent call last):
  File "C:\Users\fndui\AppData\Local\Programs\Python\Python35-32\lib\site-packages\django\core\handlers\base.py", line 132, in get_response
    response = wrapped_callback(request, *callback_args, **callback_kwargs)
  File "C:\Users\fndui\PycharmProjects\skeleton\apps\myapp\views.py", line 7, in index
    return render(request, 'myapp/home.html')
  File "C:\Users\fndui\AppData\Local\Programs\Python\Python35-32\lib\site-packages\django\shortcuts.py", line 67, in render
    template_name, context, request=request, using=using)
  File "C:\Users\fndui\AppData\Local\Programs\Python\Python35-32\lib\site-packages\django\template\loader.py", line 99, in render_to_string
    return template.render(context, request)
  File "C:\Users\fndui\AppData\Local\Programs\Python\Python35-32\lib\site-packages\django\template\backends\django.py", line 74, in render
    return self.template.render(context)
  File "C:\Users\fndui\AppData\Local\Programs\Python\Python35-32\lib\site-packages\django\template\base.py", line 210, in render
    return self._render(context)
  File "C:\Users\fndui\AppData\Local\Programs\Python\Python35-32\lib\site-packages\django\template\base.py", line 202, in _render
    return self.nodelist.render(context)
  File "C:\Users\fndui\AppData\Local\Programs\Python\Python35-32\lib\site-packages\django\template\base.py", line 905, in render
    bit = self.render_node(node, context)
  File "C:\Users\fndui\AppData\Local\Programs\Python\Python35-32\lib\site-packages\django\template\debug.py", line 79, in render_node
    return node.render(context)
  File "C:\Users\fndui\AppData\Local\Programs\Python\Python35-32\lib\site-packages\django\template\loader_tags.py", line 113, in render
    compiled_parent = self.get_parent(context)
  File "C:\Users\fndui\AppData\Local\Programs\Python\Python35-32\lib\site-packages\django\template\loader_tags.py", line 110, in get_parent
    return context.template.engine.get_template(parent)
  File "C:\Users\fndui\AppData\Local\Programs\Python\Python35-32\lib\site-packages\django\template\engine.py", line 167, in get_template
    template, origin = self.find_template(template_name, dirs)
  File "C:\Users\fndui\AppData\Local\Programs\Python\Python35-32\lib\site-packages\django\template\engine.py", line 141, in find_template
    source, display_name = loader(name, dirs)
  File "C:\Users\fndui\AppData\Local\Programs\Python\Python35-32\lib\site-packages\django\template\loaders\base.py", line 13, in __call__
    return self.load_template(template_name, template_dirs)
  File "C:\Users\fndui\AppData\Local\Programs\Python\Python35-32\lib\site-packages\django\template\loaders\base.py", line 23, in load_template
    template = Template(source, origin, template_name, self.engine)
  File "C:\Users\fndui\AppData\Local\Programs\Python\Python35-32\lib\site-packages\django\template\base.py", line 191, in __init__
    self.nodelist = engine.compile_string(template_string, origin)
  File "C:\Users\fndui\AppData\Local\Programs\Python\Python35-32\lib\site-packages\django\template\engine.py", line 261, in compile_string
    return parser.parse()
  File "C:\Users\fndui\AppData\Local\Programs\Python\Python35-32\lib\site-packages\django\template\base.py", line 342, in parse
    compiled_result = compile_func(self, token)
  File "C:\Users\fndui\AppData\Local\Programs\Python\Python35-32\lib\site-packages\django\template\base.py", line 1096, in generic_tag_compiler
    defaults, takes_context, name)
  File "C:\Users\fndui\AppData\Local\Programs\Python\Python35-32\lib\site-packages\django\template\base.py", line 1068, in parse_bits
    args.append(parser.compile_filter(bit))
  File "C:\Users\fndui\AppData\Local\Programs\Python\Python35-32\lib\site-packages\django\template\base.py", line 424, in compile_filter
    return FilterExpression(token, self)
  File "C:\Users\fndui\AppData\Local\Programs\Python\Python35-32\lib\site-packages\django\template\base.py", line 640, in __init__
    "from '%s'" % (token[upto:], token))
django.template.base.TemplateSyntaxError: Could not parse the remainder: '‘main’' from '‘main’'
[2016-11-01 17:31:37] WARNING [py.warnings.<module>:9] C:\Program Files (x86)\JetBrains\PyCharm 2016.2.3\helpers\pydev\_pydev_bundle\pydev_import_hook.py:21: RemovedInDjango19Warning: The utilities in django.db.models.loading are deprecated in favor of the new application loading system.
  module = self._system_import(name, *args, **kwargs)

[2016-11-02 06:11:16] WARNING [py.warnings.<module>:9] C:\Program Files (x86)\JetBrains\PyCharm 2016.2.3\helpers\pydev\_pydev_bundle\pydev_import_hook.py:21: RemovedInDjango19Warning: The utilities in django.db.models.loading are deprecated in favor of the new application loading system.
  module = self._system_import(name, *args, **kwargs)

